1598387224128	mozrunner::runner	INFO	Running command: "/Applications/Firefox.app/Contents/MacOS/firefox-bin" "-marionette" "-foreground" "-no-remote" "-profile" "/var/folders/y5/46mc1w4n6xz5z05n8m7w8zs80000gn/T/rust_mozprofilejaY2b2"
console.error: SearchCache: "_readCacheFile: Error reading cache file:" (new Error("", "(unknown module)"))
1598387231886	Marionette	INFO	Listening on port 49745
1598387231902	Marionette	WARN	TLS certificate errors will be ignored for this session
JavaScript error: https://tpc.googlesyndication.com/pagead/js/r20200820/r20110914/client/qs_click_protection_fy2019.js, line 14: NS_ERROR_NOT_INITIALIZED: 
JavaScript error: https://tpc.googlesyndication.com/pagead/js/r20200820/r20110914/client/qs_click_protection_fy2019.js, line 14: NS_ERROR_NOT_INITIALIZED: 
JavaScript error: , line 0: uncaught exception: undefined
JavaScript error: https://maps.googleapis.com/maps-api-v3/api/js/42/1/intl/en_gb/common.js, line 66: NS_ERROR_NOT_INITIALIZED: 

###!!! [Child][RunMessage] Error: Channel closing: too late to send/recv, messages will be lost


###!!! [Child][RunMessage] Error: Channel closing: too late to send/recv, messages will be lost


###!!! [Child][RunMessage] Error: Channel closing: too late to send/recv, messages will be lost


###!!! [Child][RunMessage] Error: Channel closing: too late to send/recv, messages will be lost


###!!! [Child][RunMessage] Error: Channel closing: too late to send/recv, messages will be lost


###!!! [Child][RunMessage] Error: Channel closing: too late to send/recv, messages will be lost


###!!! [Child][MessageChannel] Error: (msgtype=0x5B000D,name=PHttpChannel::Msg_DeletingChannel) Channel closing: too late to send/recv, messages will be lost


###!!! [Child][MessageChannel] Error: (msgtype=0x5B000D,name=PHttpChannel::Msg_DeletingChannel) Channel closing: too late to send/recv, messages will be lost


###!!! [Child][MessageChannel] Error: (msgtype=0x5B000D,name=PHttpChannel::Msg_DeletingChannel) Channel closing: too late to send/recv, messages will be lost


###!!! [Child][MessageChannel] Error: (msgtype=0x5B000D,name=PHttpChannel::Msg_DeletingChannel) Channel closing: too late to send/recv, messages will be lost


###!!! [Child][MessageChannel] Error: (msgtype=0x5B000D,name=PHttpChannel::Msg_DeletingChannel) Channel closing: too late to send/recv, messages will be lost


###!!! [Child][MessageChannel] Error: (msgtype=0x5B000D,name=PHttpChannel::Msg_DeletingChannel) Channel closing: too late to send/recv, messages will be lost


###!!! [Child][MessageChannel] Error: (msgtype=0x5B000D,name=PHttpChannel::Msg_DeletingChannel) Channel closing: too late to send/recv, messages will be lost


###!!! [Child][MessageChannel] Error: (msgtype=0x5B000D,name=PHttpChannel::Msg_DeletingChannel) Channel closing: too late to send/recv, messages will be lost


###!!! [Child][MessageChannel] Error: (msgtype=0x5B000D,name=PHttpChannel::Msg_DeletingChannel) Channel closing: too late to send/recv, messages will be lost


###!!! [Child][MessageChannel] Error: (msgtype=0x5B000D,name=PHttpChannel::Msg_DeletingChannel) Channel closing: too late to send/recv, messages will be lost


###!!! [Child][MessageChannel] Error: (msgtype=0x5B000D,name=PHttpChannel::Msg_DeletingChannel) Channel closing: too late to send/recv, messages will be lost


###!!! [Child][MessageChannel] Error: (msgtype=0x5B000D,name=PHttpChannel::Msg_DeletingChannel) Channel closing: too late to send/recv, messages will be lost


###!!! [Child][MessageChannel] Error: (msgtype=0x5B000D,name=PHttpChannel::Msg_DeletingChannel) Channel closing: too late to send/recv, messages will be lost


###!!! [Child][MessageChannel] Error: (msgtype=0x5B000D,name=PHttpChannel::Msg_DeletingChannel) Channel closing: too late to send/recv, messages will be lost


###!!! [Child][MessageChannel] Error: (msgtype=0x5B000D,name=PHttpChannel::Msg_DeletingChannel) Channel closing: too late to send/recv, messages will be lost


###!!! [Child][MessageChannel] Error: (msgtype=0x5B000D,name=PHttpChannel::Msg_DeletingChannel) Channel closing: too late to send/recv, messages will be lost


###!!! [Child][MessageChannel] Error: (msgtype=0x5B000D,name=PHttpChannel::Msg_DeletingChannel) Channel closing: too late to send/recv, messages will be lost


###!!! [Child][MessageChannel] Error: (msgtype=0x5B000D,name=PHttpChannel::Msg_DeletingChannel) Channel closing: too late to send/recv, messages will be lost


###!!! [Child][MessageChannel] Error: (msgtype=0x5B000D,name=PHttpChannel::Msg_DeletingChannel) Channel closing: too late to send/recv, messages will be lost


###!!! [Child][MessageChannel] Error: (msgtype=0x5B000D,name=PHttpChannel::Msg_DeletingChannel) Channel closing: too late to send/recv, messages will be lost


###!!! [Child][MessageChannel] Error: (msgtype=0x5B000D,name=PHttpChannel::Msg_DeletingChannel) Channel closing: too late to send/recv, messages will be lost


###!!! [Child][MessageChannel] Error: (msgtype=0x5B000D,name=PHttpChannel::Msg_DeletingChannel) Channel closing: too late to send/recv, messages will be lost


###!!! [Child][MessageChannel] Error: (msgtype=0x5B000D,name=PHttpChannel::Msg_DeletingChannel) Channel closing: too late to send/recv, messages will be lost


###!!! [Child][MessageChannel] Error: (msgtype=0x5B000D,name=PHttpChannel::Msg_DeletingChannel) Channel closing: too late to send/recv, messages will be lost


###!!! [Child][MessageChannel] Error: (msgtype=0x5B000D,name=PHttpChannel::Msg_DeletingChannel) Channel closing: too late to send/recv, messages will be lost


###!!! [Child][RunMessage] Error: Channel closing: too late to send/recv, messages will be lost


###!!! [Child][RunMessage] Error: Channel closing: too late to send/recv, messages will be lost


###!!! [Child][RunMessage] Error: Channel closing: too late to send/recv, messages will be lost


###!!! [Child][MessageChannel] Error: (msgtype=0x5B000D,name=PHttpChannel::Msg_DeletingChannel) Channel closing: too late to send/recv, messages will be lost


###!!! [Child][RunMessage] Error: Channel closing: too late to send/recv, messages will be lost


###!!! [Child][RunMessage] Error: Channel closing: too late to send/recv, messages will be lost


###!!! [Child][MessageChannel] Error: (msgtype=0x5B000D,name=PHttpChannel::Msg_DeletingChannel) Channel closing: too late to send/recv, messages will be lost


###!!! [Child][MessageChannel] Error: (msgtype=0x5B000D,name=PHttpChannel::Msg_DeletingChannel) Channel closing: too late to send/recv, messages will be lost


###!!! [Child][MessageChannel] Error: (msgtype=0x5B000D,name=PHttpChannel::Msg_DeletingChannel) Channel closing: too late to send/recv, messages will be lost


###!!! [Child][MessageChannel] Error: (msgtype=0x5B000D,name=PHttpChannel::Msg_DeletingChannel) Channel closing: too late to send/recv, messages will be lost


###!!! [Child][MessageChannel] Error: (msgtype=0x5B000D,name=PHttpChannel::Msg_DeletingChannel) Channel closing: too late to send/recv, messages will be lost


###!!! [Child][MessageChannel] Error: (msgtype=0x5B000D,name=PHttpChannel::Msg_DeletingChannel) Channel closing: too late to send/recv, messages will be lost


###!!! [Child][MessageChannel] Error: (msgtype=0x5B000D,name=PHttpChannel::Msg_DeletingChannel) Channel closing: too late to send/recv, messages will be lost


###!!! [Child][MessageChannel] Error: (msgtype=0x5B000D,name=PHttpChannel::Msg_DeletingChannel) Channel closing: too late to send/recv, messages will be lost


###!!! [Child][MessageChannel] Error: (msgtype=0x5B000D,name=PHttpChannel::Msg_DeletingChannel) Channel closing: too late to send/recv, messages will be lost


###!!! [Child][MessageChannel] Error: (msgtype=0x5B000D,name=PHttpChannel::Msg_DeletingChannel) Channel closing: too late to send/recv, messages will be lost


###!!! [Child][MessageChannel] Error: (msgtype=0x5B000D,name=PHttpChannel::Msg_DeletingChannel) Channel closing: too late to send/recv, messages will be lost


###!!! [Child][MessageChannel] Error: (msgtype=0x5B000D,name=PHttpChannel::Msg_DeletingChannel) Channel closing: too late to send/recv, messages will be lost


###!!! [Child][MessageChannel] Error: (msgtype=0x5B000D,name=PHttpChannel::Msg_DeletingChannel) Channel closing: too late to send/recv, messages will be lost


###!!! [Child][MessageChannel] Error: (msgtype=0x5B000D,name=PHttpChannel::Msg_DeletingChannel) Channel closing: too late to send/recv, messages will be lost


###!!! [Child][MessageChannel] Error: (msgtype=0x5B000D,name=PHttpChannel::Msg_DeletingChannel) Channel closing: too late to send/recv, messages will be lost


###!!! [Child][MessageChannel] Error: (msgtype=0x5B000D,name=PHttpChannel::Msg_DeletingChannel) Channel closing: too late to send/recv, messages will be lost


###!!! [Child][MessageChannel] Error: (msgtype=0x5B000D,name=PHttpChannel::Msg_DeletingChannel) Channel closing: too late to send/recv, messages will be lost


###!!! [Child][MessageChannel] Error: (msgtype=0x5B000D,name=PHttpChannel::Msg_DeletingChannel) Channel closing: too late to send/recv, messages will be lost


###!!! [Child][MessageChannel] Error: (msgtype=0x5B000D,name=PHttpChannel::Msg_DeletingChannel) Channel closing: too late to send/recv, messages will be lost


###!!! [Child][MessageChannel] Error: (msgtype=0x5B000D,name=PHttpChannel::Msg_DeletingChannel) Channel closing: too late to send/recv, messages will be lost


###!!! [Child][MessageChannel] Error: (msgtype=0x5B000D,name=PHttpChannel::Msg_DeletingChannel) Channel closing: too late to send/recv, messages will be lost

1598387370282	Marionette	INFO	Stopped listening on port 49745
1598470847397	mozrunner::runner	INFO	Running command: "/Applications/Firefox.app/Contents/MacOS/firefox-bin" "-marionette" "-foreground" "-no-remote" "-profile" "/var/folders/y5/46mc1w4n6xz5z05n8m7w8zs80000gn/T/rust_mozprofilea3RtkV"
console.error: SearchCache: "_readCacheFile: Error reading cache file:" (new Error("", "(unknown module)"))
1598470851485	Marionette	INFO	Listening on port 49348
1598470851517	Marionette	WARN	TLS certificate errors will be ignored for this session
JavaScript error: , line 0: uncaught exception: undefined

###!!! [Child][RunMessage] Error: Channel closing: too late to send/recv, messages will be lost


###!!! [Child][RunMessage] Error: Channel closing: too late to send/recv, messages will be lost

1598471241658	mozrunner::runner	INFO	Running command: "/Applications/Firefox.app/Contents/MacOS/firefox-bin" "-marionette" "-foreground" "-no-remote" "-profile" "/var/folders/y5/46mc1w4n6xz5z05n8m7w8zs80000gn/T/rust_mozprofile6br0Ze"
console.error: SearchCache: "_readCacheFile: Error reading cache file:" (new Error("", "(unknown module)"))
1598471244389	Marionette	INFO	Listening on port 49494
1598471244427	Marionette	WARN	TLS certificate errors will be ignored for this session
JavaScript error: https://maps.googleapis.com/maps/api/js?client=google-maps-embed&paint_origin=&libraries=geometry,search&v=3.exp&language=en_GB&callback=onApiLoad, line 97: Error: Could not load "controls".
JavaScript error: , line 0: uncaught exception: undefined
JavaScript error: https://maps.googleapis.com/maps-api-v3/api/js/42/1/intl/en_gb/common.js, line 66: NS_ERROR_NOT_INITIALIZED: 

###!!! [Child][MessageChannel] Error: (msgtype=0x6C0029,name=PNecko::Msg_RemoveRequestContext) Channel closing: too late to send/recv, messages will be lost

1598472257681	mozrunner::runner	INFO	Running command: "/Applications/Firefox.app/Contents/MacOS/firefox-bin" "-marionette" "-foreground" "-no-remote" "-profile" "/var/folders/y5/46mc1w4n6xz5z05n8m7w8zs80000gn/T/rust_mozprofile7Dr46M"
console.error: SearchCache: "_readCacheFile: Error reading cache file:" (new Error("", "(unknown module)"))
1598472260732	Marionette	INFO	Listening on port 49816
1598472260792	Marionette	WARN	TLS certificate errors will be ignored for this session
JavaScript error: https://tpc.googlesyndication.com/pagead/js/r20200820/r20110914/client/qs_click_protection_fy2019.js, line 14: NS_ERROR_NOT_INITIALIZED: 
JavaScript error: https://tpc.googlesyndication.com/pagead/js/r20200820/r20110914/client/qs_click_protection_fy2019.js, line 14: NS_ERROR_NOT_INITIALIZED: 
JavaScript error: https://maps.googleapis.com/maps-api-v3/api/js/42/1/intl/en_gb/common.js, line 66: NS_ERROR_NOT_INITIALIZED: 
JavaScript error: https://tpc.googlesyndication.com/pagead/js/r20200820/r20110914/client/qs_click_protection_fy2019.js, line 14: NS_ERROR_NOT_INITIALIZED: 
JavaScript error: https://tpc.googlesyndication.com/pagead/js/r20200820/r20110914/client/qs_click_protection_fy2019.js, line 14: NS_ERROR_NOT_INITIALIZED: 
JavaScript error: https://tpc.googlesyndication.com/pagead/js/r20200820/r20110914/client/qs_click_protection_fy2019.js, line 14: NS_ERROR_NOT_INITIALIZED: 
JavaScript error: , line 0: uncaught exception: undefined
JavaScript error: https://tpc.googlesyndication.com/pagead/js/r20200820/r20110914/client/qs_click_protection_fy2019.js, line 14: NS_ERROR_NOT_INITIALIZED: 
JavaScript error: https://tpc.googlesyndication.com/pagead/js/r20200820/r20110914/client/qs_click_protection_fy2019.js, line 14: NS_ERROR_NOT_INITIALIZED: 
JavaScript error: https://googleads.g.doubleclick.net/pagead/ads?client=ca-pub-3374089704310222&output=html&h=600&slotname=9770043689&adk=66382128&adf=1937831950&w=160&lmt=1598472292&psa=1&guci=1.2.0.0.2.2.0.0&format=160x600&url=https%3A%2F%2Fwww.doogal.co.uk%2FShowMap.php%3Fpostcode%3DM2%25202AR&flash=0&wgl=1&adsid=NT&dt=1598472291835&bpp=3&bdt=231&idt=181&shv=r20200820&cbv=r20190131&ptt=9&saldr=aa&abxe=1&prev_fmts=0x0%2C728x90&nras=1&correlator=6091656912996&frm=20&pv=1&ga_vid=1822750565.1598472263&ga_sid=1598472292&ga_hid=717099855&ga_fc=0&icsg=674924730&dssz=26&mdo=0&mso=0&u_tz=60&u_his=23&u_java=0&u_h=768&u_w=1366&u_ah=745&u_aw=1366&u_cd=24&u_nplug=0&u_nmime=0&adx=108&ady=168&biw=1366&bih=671&scr_x=0&scr_y=0&eid=21067105%2C21066532&oid=3&pvsid=2361003653384359&pem=819&rx=0&eae=0&fc=1920&brdim=0%2C23%2C0%2C23%2C1366%2C23%2C1366%2C745%2C1366%2C671&vis=1&rsz=%7C%7CpeE%7C&abl=CS&pfx=0&fu=8192&bc=31&jar=2020-08-26-20&ifi=2&uci=a!2&fsb=1&xpc=1OchR7r4R5&p=https%3A//www.doogal.co.uk&dtd=190, line 1: ReferenceError: osdlfm is not defined
1598472453571	mozrunner::runner	INFO	Running command: "/Applications/Firefox.app/Contents/MacOS/firefox-bin" "-marionette" "-foreground" "-no-remote" "-profile" "/var/folders/y5/46mc1w4n6xz5z05n8m7w8zs80000gn/T/rust_mozprofileWSOT64"
console.error: SearchCache: "_readCacheFile: Error reading cache file:" (new Error("", "(unknown module)"))
1598472456338	Marionette	INFO	Listening on port 49968
1598472456421	Marionette	WARN	TLS certificate errors will be ignored for this session
JavaScript error: https://tpc.googlesyndication.com/pagead/js/r20200820/r20110914/client/qs_click_protection_fy2019.js, line 14: NS_ERROR_NOT_INITIALIZED: 
JavaScript error: https://maps.googleapis.com/maps/api/js?client=google-maps-embed&paint_origin=&libraries=geometry,search&v=3.exp&language=en_GB&callback=onApiLoad, line 97: Error: Could not load "onion".
JavaScript error: https://maps.googleapis.com/maps/api/js?client=google-maps-embed&paint_origin=&libraries=geometry,search&v=3.exp&language=en_GB&callback=onApiLoad, line 97: Error: Could not load "onion".
JavaScript error: https://maps.googleapis.com/maps/api/js?client=google-maps-embed&paint_origin=&libraries=geometry,search&v=3.exp&language=en_GB&callback=onApiLoad, line 97: Error: Could not load "search_impl".
JavaScript error: https://maps.googleapis.com/maps/api/js?client=google-maps-embed&paint_origin=&libraries=geometry,search&v=3.exp&language=en_GB&callback=onApiLoad, line 97: Error: Could not load "search_impl".
JavaScript error: https://maps.googleapis.com/maps/api/js?client=google-maps-embed&paint_origin=&libraries=geometry,search&v=3.exp&language=en_GB&callback=onApiLoad, line 97: Error: Could not load "search_impl".
JavaScript error: https://maps.googleapis.com/maps/api/js?client=google-maps-embed&paint_origin=&libraries=geometry,search&v=3.exp&language=en_GB&callback=onApiLoad, line 97: Error: Could not load "search_impl".
JavaScript error: https://maps.googleapis.com/maps/api/js?client=google-maps-embed&paint_origin=&libraries=geometry,search&v=3.exp&language=en_GB&callback=onApiLoad, line 97: Error: Could not load "search_impl".
JavaScript error: https://googleads.g.doubleclick.net/pagead/ads?client=ca-pub-3374089704310222&output=html&h=600&slotname=9770043689&adk=66382128&adf=1937831950&w=160&lmt=1598472465&psa=1&guci=1.2.0.0.2.2.0.0&format=160x600&url=https%3A%2F%2Fwww.doogal.co.uk%2FUKPostcodes.php%3FSearch%3DM2%252092H&flash=0&wgl=1&adsid=NT&dt=1598472465117&bpp=2&bdt=379&idt=320&shv=r20200820&cbv=r20190131&ptt=9&saldr=aa&abxe=1&prev_fmts=0x0%2C728x90&nras=1&correlator=3023209717120&frm=20&pv=1&ga_vid=1161256905.1598472458&ga_sid=1598472465&ga_hid=2008319673&ga_fc=0&icsg=674800170&dssz=25&mdo=0&mso=0&u_tz=60&u_his=5&u_java=0&u_h=768&u_w=1366&u_ah=745&u_aw=1366&u_cd=24&u_nplug=0&u_nmime=0&adx=108&ady=168&biw=1366&bih=671&scr_x=0&scr_y=0&oid=3&pvsid=3986184641155323&pem=802&rx=0&eae=0&fc=1920&brdim=0%2C23%2C0%2C23%2C1366%2C23%2C1366%2C745%2C1366%2C671&vis=1&rsz=%7C%7CpeE%7C&abl=CS&pfx=0&fu=8192&bc=31&ifi=2&uci=a!2&fsb=1&xpc=1dVk59AhFC&p=https%3A//www.doogal.co.uk&dtd=346, line 1: ReferenceError: buildAttribution is not defined
JavaScript error: https://tpc.googlesyndication.com/pagead/js/r20200820/r20110914/client/qs_click_protection_fy2019.js, line 14: NS_ERROR_NOT_INITIALIZED: 
JavaScript error: https://tpc.googlesyndication.com/pagead/js/r20200820/r20110914/client/qs_click_protection_fy2019.js, line 14: NS_ERROR_NOT_INITIALIZED: 
JavaScript error: https://tpc.googlesyndication.com/pagead/js/r20200820/r20110914/client/qs_click_protection_fy2019.js, line 14: NS_ERROR_NOT_INITIALIZED: 
JavaScript error: https://tpc.googlesyndication.com/pagead/js/r20200820/r20110914/client/qs_click_protection_fy2019.js, line 14: NS_ERROR_NOT_INITIALIZED: 
JavaScript error: https://maps.googleapis.com/maps-api-v3/api/js/42/1/intl/en_gb/common.js, line 66: NS_ERROR_NOT_INITIALIZED: 
1598472643352	mozrunner::runner	INFO	Running command: "/Applications/Firefox.app/Contents/MacOS/firefox-bin" "-marionette" "-foreground" "-no-remote" "-profile" "/var/folders/y5/46mc1w4n6xz5z05n8m7w8zs80000gn/T/rust_mozprofileQmufmx"
console.error: SearchCache: "_readCacheFile: Error reading cache file:" (new Error("", "(unknown module)"))
1598472646775	Marionette	INFO	Listening on port 50120
1598472646782	Marionette	WARN	TLS certificate errors will be ignored for this session
JavaScript error: , line 0: uncaught exception: undefined
JavaScript error: https://maps.googleapis.com/maps-api-v3/api/js/42/1/intl/en_gb/common.js, line 66: NS_ERROR_NOT_INITIALIZED: 
JavaScript error: https://tpc.googlesyndication.com/pagead/js/r20200820/r20110914/client/qs_click_protection_fy2019.js, line 14: NS_ERROR_NOT_INITIALIZED: 
JavaScript error: https://tpc.googlesyndication.com/pagead/js/r20200820/r20110914/client/qs_click_protection_fy2019.js, line 14: NS_ERROR_NOT_INITIALIZED: 
JavaScript error: https://tpc.googlesyndication.com/pagead/js/r20200820/r20110914/client/qs_click_protection_fy2019.js, line 14: NS_ERROR_NOT_INITIALIZED: 
JavaScript error: https://maps.googleapis.com/maps-api-v3/api/js/42/1/intl/en_gb/common.js, line 66: NS_ERROR_NOT_INITIALIZED: 
JavaScript error: https://tpc.googlesyndication.com/pagead/js/r20200820/r20110914/client/qs_click_protection_fy2019.js, line 14: NS_ERROR_NOT_INITIALIZED: 
JavaScript error: https://tpc.googlesyndication.com/pagead/js/r20200820/r20110914/client/qs_click_protection_fy2019.js, line 14: NS_ERROR_NOT_INITIALIZED: 
JavaScript error: https://tpc.googlesyndication.com/pagead/js/r20200820/r20110914/client/qs_click_protection_fy2019.js, line 14: NS_ERROR_NOT_INITIALIZED: 
1598472717353	Marionette	INFO	Stopped listening on port 50120
1598472722856	Marionette	INFO	Stopped listening on port 49968
1598472727227	Marionette	INFO	Stopped listening on port 49816
1598472731999	Marionette	INFO	Stopped listening on port 49494
1598472735067	Marionette	INFO	Stopped listening on port 49348
